{"numFailedTestSuites":9,"numFailedTests":0,"numPassedTestSuites":1,"numPassedTests":2,"numPendingTestSuites":0,"numPendingTests":0,"numRuntimeErrorTestSuites":9,"numTodoTests":0,"numTotalTestSuites":10,"numTotalTests":2,"openHandles":[],"snapshot":{"added":0,"didUpdate":false,"failure":false,"filesAdded":0,"filesRemoved":0,"filesRemovedList":[],"filesUnmatched":0,"filesUpdated":0,"matched":0,"total":0,"unchecked":0,"uncheckedKeysByFile":[],"unmatched":0,"updated":0},"startTime":1755833086326,"success":false,"testResults":[{"assertionResults":[{"ancestorTitles":["AppService"],"duration":4,"failing":false,"failureDetails":[],"failureMessages":[],"fullName":"AppService should be defined","invocations":1,"location":null,"numPassingAsserts":1,"retryReasons":[],"startAt":1755833087758,"status":"passed","title":"should be defined"},{"ancestorTitles":["AppService"],"duration":0,"failing":false,"failureDetails":[],"failureMessages":[],"fullName":"AppService should return hello message","invocations":1,"location":null,"numPassingAsserts":1,"retryReasons":[],"startAt":1755833087763,"status":"passed","title":"should return hello message"}],"endTime":1755833087764,"message":"","name":"/Users/richard/Developer/tenant-flow/apps/backend/src/app.service.spec.ts","startTime":1755833086542,"status":"passed","summary":""},{"assertionResults":[],"coverage":{},"endTime":1755833090046,"message":"  \u001b[1m● \u001b[22mTest suite failed to run\n\n    \u001b[96msrc/stripe/__tests__/stripe-checkout.spec.ts\u001b[0m:\u001b[93m17\u001b[0m:\u001b[93m34\u001b[0m - \u001b[91merror\u001b[0m\u001b[90m TS2307: \u001b[0mCannot find module '../../shared/guards/unified-auth.guard' or its corresponding type declarations.\n\n    \u001b[7m17\u001b[0m import { UnifiedAuthGuard } from '../../shared/guards/unified-auth.guard'\n    \u001b[7m  \u001b[0m \u001b[91m                                 ~~~~~~~~~~~~~~~~~~~~~~~~~~~~~~~~~~~~~~~~\u001b[0m\n    \u001b[96msrc/stripe/__tests__/stripe-checkout.spec.ts\u001b[0m:\u001b[93m18\u001b[0m:\u001b[93m29\u001b[0m - \u001b[91merror\u001b[0m\u001b[90m TS2724: \u001b[0m'\"../dto/checkout.dto\"' has no exported member named 'CreateEmbeddedCheckoutDto'. Did you mean 'CreateCheckoutDto'?\n\n    \u001b[7m18\u001b[0m import { CreateCheckoutDto, CreateEmbeddedCheckoutDto } from '../dto/checkout.dto'\n    \u001b[7m  \u001b[0m \u001b[91m                            ~~~~~~~~~~~~~~~~~~~~~~~~~\u001b[0m\n\n      \u001b[96msrc/stripe/dto/checkout.dto.ts\u001b[0m:\u001b[93m4\u001b[0m:\u001b[93m14\u001b[0m\n        \u001b[7m4\u001b[0m export class CreateCheckoutDto {\n        \u001b[7m \u001b[0m \u001b[96m             ~~~~~~~~~~~~~~~~~\u001b[0m\n        'CreateCheckoutDto' is declared here.\n    \u001b[96msrc/stripe/__tests__/stripe-checkout.spec.ts\u001b[0m:\u001b[93m19\u001b[0m:\u001b[93m15\u001b[0m - \u001b[91merror\u001b[0m\u001b[90m TS2459: \u001b[0mModule '\"../stripe.controller\"' declares 'AuthenticatedUser' locally, but it is not exported.\n\n    \u001b[7m19\u001b[0m import type { AuthenticatedUser } from '../stripe.controller'\n    \u001b[7m  \u001b[0m \u001b[91m              ~~~~~~~~~~~~~~~~~\u001b[0m\n\n      \u001b[96msrc/stripe/stripe.controller.ts\u001b[0m:\u001b[93m27\u001b[0m:\u001b[93m11\u001b[0m\n        \u001b[7m27\u001b[0m interface AuthenticatedUser {\n        \u001b[7m  \u001b[0m \u001b[96m          ~~~~~~~~~~~~~~~~~\u001b[0m\n        'AuthenticatedUser' is declared here.\n    \u001b[96msrc/stripe/__tests__/stripe-checkout.spec.ts\u001b[0m:\u001b[93m52\u001b[0m:\u001b[93m12\u001b[0m - \u001b[91merror\u001b[0m\u001b[90m TS7053: \u001b[0mElement implicitly has an 'any' type because expression of type '`${string}-${string}`' can't be used to index type '{ 'starter-monthly': string; 'starter-annual': string; 'growth-monthly': string; 'growth-annual': string; 'tenantflow_max-monthly': string; 'tenantflow_max-annual': string; }'.\n\n    \u001b[7m52\u001b[0m     return priceIds[`${planId}-${interval}`]\n    \u001b[7m  \u001b[0m \u001b[91m           ~~~~~~~~~~~~~~~~~~~~~~~~~~~~~~~~~\u001b[0m\n    \u001b[96msrc/stripe/__tests__/stripe-checkout.spec.ts\u001b[0m:\u001b[93m58\u001b[0m:\u001b[93m7\u001b[0m - \u001b[91merror\u001b[0m\u001b[90m TS6133: \u001b[0m'stripeService' is declared but its value is never read.\n\n    \u001b[7m58\u001b[0m   let stripeService: StripeService\n    \u001b[7m  \u001b[0m \u001b[91m      ~~~~~~~~~~~~~\u001b[0m\n    \u001b[96msrc/stripe/__tests__/stripe-checkout.spec.ts\u001b[0m:\u001b[93m279\u001b[0m:\u001b[93m39\u001b[0m - \u001b[91merror\u001b[0m\u001b[90m TS2339: \u001b[0mProperty 'createEmbeddedCheckout' does not exist on type 'StripeController'.\n\n    \u001b[7m279\u001b[0m       const result = await controller.createEmbeddedCheckout(createEmbeddedDto, mockUser)\n    \u001b[7m   \u001b[0m \u001b[91m                                      ~~~~~~~~~~~~~~~~~~~~~~\u001b[0m\n    \u001b[96msrc/stripe/__tests__/stripe-checkout.spec.ts\u001b[0m:\u001b[93m319\u001b[0m:\u001b[93m24\u001b[0m - \u001b[91merror\u001b[0m\u001b[90m TS2339: \u001b[0mProperty 'createEmbeddedCheckout' does not exist on type 'StripeController'.\n\n    \u001b[7m319\u001b[0m       await controller.createEmbeddedCheckout(basicEmbeddedDto, mockUser)\n    \u001b[7m   \u001b[0m \u001b[91m                       ~~~~~~~~~~~~~~~~~~~~~~\u001b[0m\n    \u001b[96msrc/stripe/__tests__/stripe-checkout.spec.ts\u001b[0m:\u001b[93m351\u001b[0m:\u001b[93m24\u001b[0m - \u001b[91merror\u001b[0m\u001b[90m TS2339: \u001b[0mProperty 'createEmbeddedCheckout' does not exist on type 'StripeController'.\n\n    \u001b[7m351\u001b[0m       await controller.createEmbeddedCheckout(dtoWithCustomer, mockUser)\n    \u001b[7m   \u001b[0m \u001b[91m                       ~~~~~~~~~~~~~~~~~~~~~~\u001b[0m\n    \u001b[96msrc/stripe/__tests__/stripe-checkout.spec.ts\u001b[0m:\u001b[93m366\u001b[0m:\u001b[93m31\u001b[0m - \u001b[91merror\u001b[0m\u001b[90m TS2339: \u001b[0mProperty 'createEmbeddedCheckout' does not exist on type 'StripeController'.\n\n    \u001b[7m366\u001b[0m       await expect(controller.createEmbeddedCheckout(createEmbeddedDto, mockUser))\n    \u001b[7m   \u001b[0m \u001b[91m                              ~~~~~~~~~~~~~~~~~~~~~~\u001b[0m\n    \u001b[96msrc/stripe/__tests__/stripe-checkout.spec.ts\u001b[0m:\u001b[93m387\u001b[0m:\u001b[93m39\u001b[0m - \u001b[91merror\u001b[0m\u001b[90m TS2339: \u001b[0mProperty 'getCheckoutSession' does not exist on type 'StripeController'.\n\n    \u001b[7m387\u001b[0m       const result = await controller.getCheckoutSession('cs_test_123', mockUser)\n    \u001b[7m   \u001b[0m \u001b[91m                                      ~~~~~~~~~~~~~~~~~~\u001b[0m\n    \u001b[96msrc/stripe/__tests__/stripe-checkout.spec.ts\u001b[0m:\u001b[93m412\u001b[0m:\u001b[93m31\u001b[0m - \u001b[91merror\u001b[0m\u001b[90m TS2339: \u001b[0mProperty 'getCheckoutSession' does not exist on type 'StripeController'.\n\n    \u001b[7m412\u001b[0m       await expect(controller.getCheckoutSession('cs_test_123', mockUser))\n    \u001b[7m   \u001b[0m \u001b[91m                              ~~~~~~~~~~~~~~~~~~\u001b[0m\n    \u001b[96msrc/stripe/__tests__/stripe-checkout.spec.ts\u001b[0m:\u001b[93m421\u001b[0m:\u001b[93m31\u001b[0m - \u001b[91merror\u001b[0m\u001b[90m TS2339: \u001b[0mProperty 'getCheckoutSession' does not exist on type 'StripeController'.\n\n    \u001b[7m421\u001b[0m       await expect(controller.getCheckoutSession('cs_invalid', mockUser))\n    \u001b[7m   \u001b[0m \u001b[91m                              ~~~~~~~~~~~~~~~~~~\u001b[0m\n    \u001b[96msrc/stripe/__tests__/stripe-checkout.spec.ts\u001b[0m:\u001b[93m433\u001b[0m:\u001b[93m39\u001b[0m - \u001b[91merror\u001b[0m\u001b[90m TS2339: \u001b[0mProperty 'getCheckoutSession' does not exist on type 'StripeController'.\n\n    \u001b[7m433\u001b[0m       const result = await controller.getCheckoutSession('cs_test_123', mockUser)\n    \u001b[7m   \u001b[0m \u001b[91m                                      ~~~~~~~~~~~~~~~~~~\u001b[0m\n    \u001b[96msrc/stripe/__tests__/stripe-checkout.spec.ts\u001b[0m:\u001b[93m524\u001b[0m:\u001b[93m24\u001b[0m - \u001b[91merror\u001b[0m\u001b[90m TS2339: \u001b[0mProperty 'createEmbeddedCheckout' does not exist on type 'StripeController'.\n\n    \u001b[7m524\u001b[0m       await controller.createEmbeddedCheckout(embeddedDto, mockUser)\n    \u001b[7m   \u001b[0m \u001b[91m                       ~~~~~~~~~~~~~~~~~~~~~~\u001b[0m\n    \u001b[96msrc/stripe/__tests__/stripe-checkout.spec.ts\u001b[0m:\u001b[93m605\u001b[0m:\u001b[93m39\u001b[0m - \u001b[91merror\u001b[0m\u001b[90m TS2339: \u001b[0mProperty 'getCheckoutSession' does not exist on type 'StripeController'.\n\n    \u001b[7m605\u001b[0m       const result = await controller.getCheckoutSession(longSessionId, mockUser)\n    \u001b[7m   \u001b[0m \u001b[91m                                      ~~~~~~~~~~~~~~~~~~\u001b[0m\n    \u001b[96msrc/stripe/__tests__/stripe-checkout.spec.ts\u001b[0m:\u001b[93m659\u001b[0m:\u001b[93m20\u001b[0m - \u001b[91merror\u001b[0m\u001b[90m TS2339: \u001b[0mProperty 'createEmbeddedCheckout' does not exist on type 'StripeController'.\n\n    \u001b[7m659\u001b[0m         controller.createEmbeddedCheckout({\n    \u001b[7m   \u001b[0m \u001b[91m                   ~~~~~~~~~~~~~~~~~~~~~~\u001b[0m\n    \u001b[96msrc/stripe/__tests__/stripe-checkout.spec.ts\u001b[0m:\u001b[93m667\u001b[0m:\u001b[93m23\u001b[0m - \u001b[91merror\u001b[0m\u001b[90m TS7006: \u001b[0mParameter 'result' implicitly has an 'any' type.\n\n    \u001b[7m667\u001b[0m       results.forEach(result => {\n    \u001b[7m   \u001b[0m \u001b[91m                      ~~~~~~\u001b[0m\n","name":"/Users/richard/Developer/tenant-flow/apps/backend/src/stripe/__tests__/stripe-checkout.spec.ts","startTime":1755833090046,"status":"failed","summary":""},{"assertionResults":[],"coverage":{},"endTime":1755833090046,"message":"  \u001b[1m● \u001b[22mTest suite failed to run\n\n    \u001b[96msrc/maintenance/__tests__/maintenance.service.spec.ts\u001b[0m:\u001b[93m15\u001b[0m:\u001b[93m36\u001b[0m - \u001b[91merror\u001b[0m\u001b[90m TS2307: \u001b[0mCannot find module '../maintenance.service' or its corresponding type declarations.\n\n    \u001b[7m15\u001b[0m import { MaintenanceService } from '../maintenance.service'\n    \u001b[7m  \u001b[0m \u001b[91m                                   ~~~~~~~~~~~~~~~~~~~~~~~~\u001b[0m\n    \u001b[96msrc/maintenance/__tests__/maintenance.service.spec.ts\u001b[0m:\u001b[93m17\u001b[0m:\u001b[93m142\u001b[0m - \u001b[91merror\u001b[0m\u001b[90m TS2307: \u001b[0mCannot find module '../dto' or its corresponding type declarations.\n\n    \u001b[7m17\u001b[0m import { MaintenanceCreateDto, MaintenanceUpdateDto, MaintenanceQueryDto, MaintenancePriority, MaintenanceCategory, MaintenanceStatus } from '../dto'\n    \u001b[7m  \u001b[0m \u001b[91m                                                                                                                                             ~~~~~~~~\u001b[0m\n","name":"/Users/richard/Developer/tenant-flow/apps/backend/src/maintenance/__tests__/maintenance.service.spec.ts","startTime":1755833090046,"status":"failed","summary":""},{"assertionResults":[],"coverage":{},"endTime":1755833090046,"message":"  \u001b[1m● \u001b[22mTest suite failed to run\n\n    \u001b[96msrc/maintenance/__tests__/maintenance.controller.spec.ts\u001b[0m:\u001b[93m13\u001b[0m:\u001b[93m39\u001b[0m - \u001b[91merror\u001b[0m\u001b[90m TS2307: \u001b[0mCannot find module '../maintenance.controller' or its corresponding type declarations.\n\n    \u001b[7m13\u001b[0m import { MaintenanceController } from '../maintenance.controller'\n    \u001b[7m  \u001b[0m \u001b[91m                                      ~~~~~~~~~~~~~~~~~~~~~~~~~~~\u001b[0m\n    \u001b[96msrc/maintenance/__tests__/maintenance.controller.spec.ts\u001b[0m:\u001b[93m14\u001b[0m:\u001b[93m36\u001b[0m - \u001b[91merror\u001b[0m\u001b[90m TS2307: \u001b[0mCannot find module '../maintenance.service' or its corresponding type declarations.\n\n    \u001b[7m14\u001b[0m import { MaintenanceService } from '../maintenance.service'\n    \u001b[7m  \u001b[0m \u001b[91m                                   ~~~~~~~~~~~~~~~~~~~~~~~~\u001b[0m\n    \u001b[96msrc/maintenance/__tests__/maintenance.controller.spec.ts\u001b[0m:\u001b[93m16\u001b[0m:\u001b[93m142\u001b[0m - \u001b[91merror\u001b[0m\u001b[90m TS2307: \u001b[0mCannot find module '../dto' or its corresponding type declarations.\n\n    \u001b[7m16\u001b[0m import { MaintenanceCreateDto, MaintenanceUpdateDto, MaintenanceQueryDto, MaintenancePriority, MaintenanceCategory, MaintenanceStatus } from '../dto'\n    \u001b[7m  \u001b[0m \u001b[91m                                                                                                                                             ~~~~~~~~\u001b[0m\n    \u001b[96msrc/maintenance/__tests__/maintenance.controller.spec.ts\u001b[0m:\u001b[93m18\u001b[0m:\u001b[93m1\u001b[0m - \u001b[91merror\u001b[0m\u001b[90m TS6133: \u001b[0m'ControllerApiResponse' is declared but its value is never read.\n\n    \u001b[7m18\u001b[0m import type { ControllerApiResponse } from '@repo/shared'\n    \u001b[7m  \u001b[0m \u001b[91m~~~~~~~~~~~~~~~~~~~~~~~~~~~~~~~~~~~~~~~~~~~~~~~~~~~~~~~~~\u001b[0m\n    \u001b[96msrc/maintenance/__tests__/maintenance.controller.spec.ts\u001b[0m:\u001b[93m113\u001b[0m:\u001b[93m5\u001b[0m - \u001b[91merror\u001b[0m\u001b[90m TS2353: \u001b[0mObject literal may only specify known properties, and 'id' does not exist in type '{ status: string; plan: string; expiresAt?: Date | undefined; }'.\n\n    \u001b[7m113\u001b[0m     id: 'sub-123',\n    \u001b[7m   \u001b[0m \u001b[91m    ~~\u001b[0m\n\n      \u001b[96m../../packages/shared/dist/cjs/types/auth.d.ts\u001b[0m:\u001b[93m26\u001b[0m:\u001b[93m5\u001b[0m\n        \u001b[7m26\u001b[0m     subscription?: {\n        \u001b[7m  \u001b[0m \u001b[96m    ~~~~~~~~~~~~\u001b[0m\n        The expected type comes from property 'subscription' which is declared here on type 'ValidatedUser'\n","name":"/Users/richard/Developer/tenant-flow/apps/backend/src/maintenance/__tests__/maintenance.controller.spec.ts","startTime":1755833090046,"status":"failed","summary":""},{"assertionResults":[],"coverage":{},"endTime":1755833090046,"message":"  \u001b[1m● \u001b[22mTest suite failed to run\n\n    \u001b[96msrc/dashboard/__tests__/dashboard.controller.spec.ts\u001b[0m:\u001b[93m13\u001b[0m:\u001b[93m37\u001b[0m - \u001b[91merror\u001b[0m\u001b[90m TS2307: \u001b[0mCannot find module '../dashboard.controller' or its corresponding type declarations.\n\n    \u001b[7m13\u001b[0m import { DashboardController } from '../dashboard.controller'\n    \u001b[7m  \u001b[0m \u001b[91m                                    ~~~~~~~~~~~~~~~~~~~~~~~~~\u001b[0m\n    \u001b[96msrc/dashboard/__tests__/dashboard.controller.spec.ts\u001b[0m:\u001b[93m14\u001b[0m:\u001b[93m34\u001b[0m - \u001b[91merror\u001b[0m\u001b[90m TS2307: \u001b[0mCannot find module '../dashboard.service' or its corresponding type declarations.\n\n    \u001b[7m14\u001b[0m import { DashboardService } from '../dashboard.service'\n    \u001b[7m  \u001b[0m \u001b[91m                                 ~~~~~~~~~~~~~~~~~~~~~~\u001b[0m\n    \u001b[96msrc/dashboard/__tests__/dashboard.controller.spec.ts\u001b[0m:\u001b[93m15\u001b[0m:\u001b[93m34\u001b[0m - \u001b[91merror\u001b[0m\u001b[90m TS2307: \u001b[0mCannot find module '../../shared/guards/unified-auth.guard' or its corresponding type declarations.\n\n    \u001b[7m15\u001b[0m import { UnifiedAuthGuard } from '../../shared/guards/unified-auth.guard'\n    \u001b[7m  \u001b[0m \u001b[91m                                 ~~~~~~~~~~~~~~~~~~~~~~~~~~~~~~~~~~~~~~~~\u001b[0m\n    \u001b[96msrc/dashboard/__tests__/dashboard.controller.spec.ts\u001b[0m:\u001b[93m78\u001b[0m:\u001b[93m9\u001b[0m - \u001b[91merror\u001b[0m\u001b[90m TS2353: \u001b[0mObject literal may only specify known properties, and 'total' does not exist in type 'PropertyStats'.\n\n    \u001b[7m78\u001b[0m         total: 5,\n    \u001b[7m  \u001b[0m \u001b[91m        ~~~~~\u001b[0m\n\n      \u001b[96m../../packages/shared/dist/cjs/types/api.d.ts\u001b[0m:\u001b[93m103\u001b[0m:\u001b[93m5\u001b[0m\n        \u001b[7m103\u001b[0m     properties: PropertyStats;\n        \u001b[7m   \u001b[0m \u001b[96m    ~~~~~~~~~~\u001b[0m\n        The expected type comes from property 'properties' which is declared here on type 'DashboardStats'\n    \u001b[96msrc/dashboard/__tests__/dashboard.controller.spec.ts\u001b[0m:\u001b[93m85\u001b[0m:\u001b[93m9\u001b[0m - \u001b[91merror\u001b[0m\u001b[90m TS2353: \u001b[0mObject literal may only specify known properties, and 'total' does not exist in type 'TenantStats'.\n\n    \u001b[7m85\u001b[0m         total: 10,\n    \u001b[7m  \u001b[0m \u001b[91m        ~~~~~\u001b[0m\n\n      \u001b[96m../../packages/shared/dist/cjs/types/api.d.ts\u001b[0m:\u001b[93m104\u001b[0m:\u001b[93m5\u001b[0m\n        \u001b[7m104\u001b[0m     tenants: TenantStats;\n        \u001b[7m   \u001b[0m \u001b[96m    ~~~~~~~\u001b[0m\n        The expected type comes from property 'tenants' which is declared here on type 'DashboardStats'\n    \u001b[96msrc/dashboard/__tests__/dashboard.controller.spec.ts\u001b[0m:\u001b[93m91\u001b[0m:\u001b[93m9\u001b[0m - \u001b[91merror\u001b[0m\u001b[90m TS2353: \u001b[0mObject literal may only specify known properties, and 'total' does not exist in type 'LeaseStats'.\n\n    \u001b[7m91\u001b[0m         total: 8,\n    \u001b[7m  \u001b[0m \u001b[91m        ~~~~~\u001b[0m\n\n      \u001b[96m../../packages/shared/dist/cjs/types/api.d.ts\u001b[0m:\u001b[93m106\u001b[0m:\u001b[93m5\u001b[0m\n        \u001b[7m106\u001b[0m     leases: LeaseStats;\n        \u001b[7m   \u001b[0m \u001b[96m    ~~~~~~\u001b[0m\n        The expected type comes from property 'leases' which is declared here on type 'DashboardStats'\n    \u001b[96msrc/dashboard/__tests__/dashboard.controller.spec.ts\u001b[0m:\u001b[93m97\u001b[0m:\u001b[93m9\u001b[0m - \u001b[91merror\u001b[0m\u001b[90m TS2353: \u001b[0mObject literal may only specify known properties, and 'total' does not exist in type 'UnitStats'.\n\n    \u001b[7m97\u001b[0m         total: 12,\n    \u001b[7m  \u001b[0m \u001b[91m        ~~~~~\u001b[0m\n\n      \u001b[96m../../packages/shared/dist/cjs/types/api.d.ts\u001b[0m:\u001b[93m105\u001b[0m:\u001b[93m5\u001b[0m\n        \u001b[7m105\u001b[0m     units: UnitStats;\n        \u001b[7m   \u001b[0m \u001b[96m    ~~~~~\u001b[0m\n        The expected type comes from property 'units' which is declared here on type 'DashboardStats'\n    \u001b[96msrc/dashboard/__tests__/dashboard.controller.spec.ts\u001b[0m:\u001b[93m173\u001b[0m:\u001b[93m19\u001b[0m - \u001b[91merror\u001b[0m\u001b[90m TS2339: \u001b[0mProperty 'revenue' does not exist on type 'DashboardStats'.\n\n    \u001b[7m173\u001b[0m       expect(data.revenue).toHaveProperty('total')\n    \u001b[7m   \u001b[0m \u001b[91m                  ~~~~~~~\u001b[0m\n    \u001b[96msrc/dashboard/__tests__/dashboard.controller.spec.ts\u001b[0m:\u001b[93m174\u001b[0m:\u001b[93m19\u001b[0m - \u001b[91merror\u001b[0m\u001b[90m TS2339: \u001b[0mProperty 'revenue' does not exist on type 'DashboardStats'.\n\n    \u001b[7m174\u001b[0m       expect(data.revenue).toHaveProperty('growth')\n    \u001b[7m   \u001b[0m \u001b[91m                  ~~~~~~~\u001b[0m\n    \u001b[96msrc/dashboard/__tests__/dashboard.controller.spec.ts\u001b[0m:\u001b[93m175\u001b[0m:\u001b[93m19\u001b[0m - \u001b[91merror\u001b[0m\u001b[90m TS2339: \u001b[0mProperty 'revenue' does not exist on type 'DashboardStats'.\n\n    \u001b[7m175\u001b[0m       expect(data.revenue).toHaveProperty('currency')\n    \u001b[7m   \u001b[0m \u001b[91m                  ~~~~~~~\u001b[0m\n","name":"/Users/richard/Developer/tenant-flow/apps/backend/src/dashboard/__tests__/dashboard.controller.spec.ts","startTime":1755833090046,"status":"failed","summary":""},{"assertionResults":[],"coverage":{},"endTime":1755833090046,"message":"  \u001b[1m● \u001b[22mTest suite failed to run\n\n    \u001b[96msrc/dashboard/__tests__/dashboard.service.spec.ts\u001b[0m:\u001b[93m13\u001b[0m:\u001b[93m34\u001b[0m - \u001b[91merror\u001b[0m\u001b[90m TS2307: \u001b[0mCannot find module '../dashboard.service' or its corresponding type declarations.\n\n    \u001b[7m13\u001b[0m import { DashboardService } from '../dashboard.service'\n    \u001b[7m  \u001b[0m \u001b[91m                                 ~~~~~~~~~~~~~~~~~~~~~~\u001b[0m\n    \u001b[96msrc/dashboard/__tests__/dashboard.service.spec.ts\u001b[0m:\u001b[93m228\u001b[0m:\u001b[93m48\u001b[0m - \u001b[91merror\u001b[0m\u001b[90m TS7006: \u001b[0mParameter 'activity' implicitly has an 'any' type.\n\n    \u001b[7m228\u001b[0m       const timestamps = result.activities.map(activity => new Date(activity.timestamp).getTime())\n    \u001b[7m   \u001b[0m \u001b[91m                                               ~~~~~~~~\u001b[0m\n    \u001b[96msrc/dashboard/__tests__/dashboard.service.spec.ts\u001b[0m:\u001b[93m239\u001b[0m:\u001b[93m43\u001b[0m - \u001b[91merror\u001b[0m\u001b[90m TS7006: \u001b[0mParameter 'activity' implicitly has an 'any' type.\n\n    \u001b[7m239\u001b[0m       const types = result.activities.map(activity => activity.type)\n    \u001b[7m   \u001b[0m \u001b[91m                                          ~~~~~~~~\u001b[0m\n    \u001b[96msrc/dashboard/__tests__/dashboard.service.spec.ts\u001b[0m:\u001b[93m250\u001b[0m:\u001b[93m33\u001b[0m - \u001b[91merror\u001b[0m\u001b[90m TS7006: \u001b[0mParameter 'activity' implicitly has an 'any' type.\n\n    \u001b[7m250\u001b[0m       result.activities.forEach(activity => {\n    \u001b[7m   \u001b[0m \u001b[91m                                ~~~~~~~~\u001b[0m\n","name":"/Users/richard/Developer/tenant-flow/apps/backend/src/dashboard/__tests__/dashboard.service.spec.ts","startTime":1755833090046,"status":"failed","summary":""},{"assertionResults":[],"coverage":{},"endTime":1755833090046,"message":"  \u001b[1m● \u001b[22mTest suite failed to run\n\n    \u001b[31m\u001b[1mConfiguration error\u001b[22m:\u001b[39m\n    \u001b[31m\u001b[39m\n    \u001b[31mCould not locate module \u001b[1m@repo/shared/stripe/config\u001b[22m mapped as:\u001b[39m\n    \u001b[31m\u001b[1m/Users/richard/Developer/tenant-flow/packages/$1/src\u001b[22m.\u001b[39m\n    \u001b[31m\u001b[39m\n    \u001b[31mPlease check your configuration for these entries:\u001b[39m\n    \u001b[31m{\u001b[39m\n    \u001b[31m  \"moduleNameMapper\": {\u001b[39m\n    \u001b[31m    \"/^@repo\\/(.*)$/\": \"\u001b[1m/Users/richard/Developer/tenant-flow/packages/$1/src\u001b[22m\"\u001b[39m\n    \u001b[31m  },\u001b[39m\n    \u001b[31m  \"resolver\": \u001b[1mundefined\u001b[22m\u001b[39m\n    \u001b[31m}\u001b[39m\n\n    \u001b[0m \u001b[90m 16 |\u001b[39m \u001b[36mimport\u001b[39m { \u001b[33mCurrentUser\u001b[39m } \u001b[36mfrom\u001b[39m \u001b[32m'../shared/decorators/current-user.decorator'\u001b[39m\n     \u001b[90m 17 |\u001b[39m \u001b[36mimport\u001b[39m { \u001b[33mCreateCheckoutDto\u001b[39m\u001b[33m,\u001b[39m \u001b[33mCreatePortalDto\u001b[39m } \u001b[36mfrom\u001b[39m \u001b[32m'./dto/checkout.dto'\u001b[39m\n    \u001b[31m\u001b[1m>\u001b[22m\u001b[39m\u001b[90m 18 |\u001b[39m \u001b[36mimport\u001b[39m { getPriceId } \u001b[36mfrom\u001b[39m \u001b[32m'@repo/shared/stripe/config'\u001b[39m\n     \u001b[90m    |\u001b[39m \u001b[31m\u001b[1m^\u001b[22m\u001b[39m\n     \u001b[90m 19 |\u001b[39m \u001b[36mimport\u001b[39m type { \n     \u001b[90m 20 |\u001b[39m   \u001b[33mBillingPeriod\u001b[39m\u001b[33m,\u001b[39m \n     \u001b[90m 21 |\u001b[39m   \u001b[33mPlanType\u001b[39m\u001b[33m,\u001b[39m\u001b[0m\n\n      \u001b[2mat createNoMappedModuleFoundError (\u001b[22m../../node_modules/jest-resolve/build/index.js\u001b[2m:1117:17)\u001b[22m\n      \u001b[2mat Object.<anonymous> (\u001b[22msrc/stripe/stripe.controller.ts\u001b[2m:18:1)\u001b[22m\n      \u001b[2mat Object.<anonymous> (\u001b[22m\u001b[0m\u001b[36msrc/stripe/stripe.controller.spec.ts\u001b[39m\u001b[0m\u001b[2m:8:1)\u001b[22m\n","name":"/Users/richard/Developer/tenant-flow/apps/backend/src/stripe/stripe.controller.spec.ts","startTime":1755833090046,"status":"failed","summary":""},{"assertionResults":[],"coverage":{},"endTime":1755833090046,"message":"  \u001b[1m● \u001b[22mTest suite failed to run\n\n    \u001b[96msrc/notifications/notifications.service.spec.ts\u001b[0m:\u001b[93m2\u001b[0m:\u001b[93m38\u001b[0m - \u001b[91merror\u001b[0m\u001b[90m TS2307: \u001b[0mCannot find module './notifications.service' or its corresponding type declarations.\n\n    \u001b[7m2\u001b[0m import { NotificationsService } from './notifications.service'\n    \u001b[7m \u001b[0m \u001b[91m                                     ~~~~~~~~~~~~~~~~~~~~~~~~~\u001b[0m\n    \u001b[96msrc/notifications/notifications.service.spec.ts\u001b[0m:\u001b[93m4\u001b[0m:\u001b[93m30\u001b[0m - \u001b[91merror\u001b[0m\u001b[90m TS2307: \u001b[0mCannot find module '../email/email.service' or its corresponding type declarations.\n\n    \u001b[7m4\u001b[0m import { EmailService } from '../email/email.service'\n    \u001b[7m \u001b[0m \u001b[91m                             ~~~~~~~~~~~~~~~~~~~~~~~~\u001b[0m\n    \u001b[96msrc/notifications/notifications.service.spec.ts\u001b[0m:\u001b[93m5\u001b[0m:\u001b[93m60\u001b[0m - \u001b[91merror\u001b[0m\u001b[90m TS2307: \u001b[0mCannot find module './dto/notification.dto' or its corresponding type declarations.\n\n    \u001b[7m5\u001b[0m import type { Priority, MaintenanceNotificationData } from './dto/notification.dto'\n    \u001b[7m \u001b[0m \u001b[91m                                                           ~~~~~~~~~~~~~~~~~~~~~~~~\u001b[0m\n","name":"/Users/richard/Developer/tenant-flow/apps/backend/src/notifications/notifications.service.spec.ts","startTime":1755833090046,"status":"failed","summary":""},{"assertionResults":[],"coverage":{},"endTime":1755833090046,"message":"  \u001b[1m● \u001b[22mTest suite failed to run\n\n    \u001b[96msrc/email/email.service.spec.ts\u001b[0m:\u001b[93m2\u001b[0m:\u001b[93m30\u001b[0m - \u001b[91merror\u001b[0m\u001b[90m TS2307: \u001b[0mCannot find module './email.service' or its corresponding type declarations.\n\n    \u001b[7m2\u001b[0m import { EmailService } from './email.service'\n    \u001b[7m \u001b[0m \u001b[91m                             ~~~~~~~~~~~~~~~~~\u001b[0m\n    \u001b[96msrc/email/email.service.spec.ts\u001b[0m:\u001b[93m67\u001b[0m:\u001b[93m69\u001b[0m - \u001b[91merror\u001b[0m\u001b[90m TS2307: \u001b[0mCannot find module './email.service' or its corresponding type declarations.\n\n    \u001b[7m67\u001b[0m       const { EmailService: EmailServiceWithoutKey } = await import('./email.service')\n    \u001b[7m  \u001b[0m \u001b[91m                                                                    ~~~~~~~~~~~~~~~~~\u001b[0m\n","name":"/Users/richard/Developer/tenant-flow/apps/backend/src/email/email.service.spec.ts","startTime":1755833090046,"status":"failed","summary":""},{"assertionResults":[],"coverage":{},"endTime":1755833090046,"message":"  \u001b[1m● \u001b[22mTest suite failed to run\n\n    \u001b[96mtest/verify-workflows.spec.ts\u001b[0m:\u001b[93m44\u001b[0m:\u001b[93m20\u001b[0m - \u001b[91merror\u001b[0m\u001b[90m TS18004: \u001b[0mNo value exists in scope for the shorthand property 'github'. Either declare one or provide an initializer.\n\n    \u001b[7m44\u001b[0m           ref: ${{ github.head_ref || github.sha }}`\n    \u001b[7m  \u001b[0m \u001b[91m                   ~~~~~~\u001b[0m\n    \u001b[96mtest/verify-workflows.spec.ts\u001b[0m:\u001b[93m44\u001b[0m:\u001b[93m39\u001b[0m - \u001b[91merror\u001b[0m\u001b[90m TS2304: \u001b[0mCannot find name 'github'.\n\n    \u001b[7m44\u001b[0m           ref: ${{ github.head_ref || github.sha }}`\n    \u001b[7m  \u001b[0m \u001b[91m                                      ~~~~~~\u001b[0m\n    \u001b[96mtest/verify-workflows.spec.ts\u001b[0m:\u001b[93m58\u001b[0m:\u001b[93m15\u001b[0m - \u001b[91merror\u001b[0m\u001b[90m TS18004: \u001b[0mNo value exists in scope for the shorthand property 'github'. Either declare one or provide an initializer.\n\n    \u001b[7m58\u001b[0m           ${{ github.event_name == 'pull_request' && format('ref: {0}', github.head_ref) || '' }}`\n    \u001b[7m  \u001b[0m \u001b[91m              ~~~~~~\u001b[0m\n    \u001b[96mtest/verify-workflows.spec.ts\u001b[0m:\u001b[93m58\u001b[0m:\u001b[93m54\u001b[0m - \u001b[91merror\u001b[0m\u001b[90m TS2552: \u001b[0mCannot find name 'format'. Did you mean 'FormData'?\n\n    \u001b[7m58\u001b[0m           ${{ github.event_name == 'pull_request' && format('ref: {0}', github.head_ref) || '' }}`\n    \u001b[7m  \u001b[0m \u001b[91m                                                     ~~~~~~\u001b[0m\n\n      \u001b[96m../../node_modules/typescript/lib/lib.dom.d.ts\u001b[0m:\u001b[93m12263\u001b[0m:\u001b[93m13\u001b[0m\n        \u001b[7m12263\u001b[0m declare var FormData: {\n        \u001b[7m     \u001b[0m \u001b[96m            ~~~~~~~~\u001b[0m\n        'FormData' is declared here.\n    \u001b[96mtest/verify-workflows.spec.ts\u001b[0m:\u001b[93m58\u001b[0m:\u001b[93m73\u001b[0m - \u001b[91merror\u001b[0m\u001b[90m TS2304: \u001b[0mCannot find name 'github'.\n\n    \u001b[7m58\u001b[0m           ${{ github.event_name == 'pull_request' && format('ref: {0}', github.head_ref) || '' }}`\n    \u001b[7m  \u001b[0m \u001b[91m                                                                        ~~~~~~\u001b[0m\n    \u001b[96mtest/verify-workflows.spec.ts\u001b[0m:\u001b[93m75\u001b[0m:\u001b[93m20\u001b[0m - \u001b[91merror\u001b[0m\u001b[90m TS18004: \u001b[0mNo value exists in scope for the shorthand property 'github'. Either declare one or provide an initializer.\n\n    \u001b[7m75\u001b[0m           ref: ${{ github.head_ref || github.sha }}`\n    \u001b[7m  \u001b[0m \u001b[91m                   ~~~~~~\u001b[0m\n    \u001b[96mtest/verify-workflows.spec.ts\u001b[0m:\u001b[93m75\u001b[0m:\u001b[93m39\u001b[0m - \u001b[91merror\u001b[0m\u001b[90m TS2304: \u001b[0mCannot find name 'github'.\n\n    \u001b[7m75\u001b[0m           ref: ${{ github.head_ref || github.sha }}`\n    \u001b[7m  \u001b[0m \u001b[91m                                      ~~~~~~\u001b[0m\n    \u001b[96mtest/verify-workflows.spec.ts\u001b[0m:\u001b[93m44\u001b[0m:\u001b[93m26\u001b[0m - \u001b[91merror\u001b[0m\u001b[90m TS1005: \u001b[0m',' expected.\n\n    \u001b[7m44\u001b[0m           ref: ${{ github.head_ref || github.sha }}`\n    \u001b[7m  \u001b[0m \u001b[91m                         ~\u001b[0m\n    \u001b[96mtest/verify-workflows.spec.ts\u001b[0m:\u001b[93m58\u001b[0m:\u001b[93m21\u001b[0m - \u001b[91merror\u001b[0m\u001b[90m TS1005: \u001b[0m',' expected.\n\n    \u001b[7m58\u001b[0m           ${{ github.event_name == 'pull_request' && format('ref: {0}', github.head_ref) || '' }}`\n    \u001b[7m  \u001b[0m \u001b[91m                    ~\u001b[0m\n    \u001b[96mtest/verify-workflows.spec.ts\u001b[0m:\u001b[93m75\u001b[0m:\u001b[93m26\u001b[0m - \u001b[91merror\u001b[0m\u001b[90m TS1005: \u001b[0m',' expected.\n\n    \u001b[7m75\u001b[0m           ref: ${{ github.head_ref || github.sha }}`\n    \u001b[7m  \u001b[0m \u001b[91m                         ~\u001b[0m\n","name":"/Users/richard/Developer/tenant-flow/apps/backend/test/verify-workflows.spec.ts","startTime":1755833090046,"status":"failed","summary":""}],"wasInterrupted":false}
